Started GET "/" for ::1 at 2022-12-25 15:24:03 +0500
Processing by Rails::WelcomeController#index as HTML
  Rendering /Users/macbook/.rvm/gems/ruby-3.1.1/gems/railties-7.0.4/lib/rails/templates/rails/welcome/index.html.erb
  Rendered /Users/macbook/.rvm/gems/ruby-3.1.1/gems/railties-7.0.4/lib/rails/templates/rails/welcome/index.html.erb (Duration: 0.9ms | Allocations: 585)
Completed 200 OK in 8ms (Views: 3.3ms | ActiveRecord: 0.0ms | Allocations: 4651)


Started GET "/" for ::1 at 2022-12-25 15:32:58 +0500
Processing by WelcomeController#root as HTML
  Rendering layout layouts/application.html.erb
  Rendering welcome/root.html.erb within layouts/application
  Rendered welcome/root.html.erb within layouts/application (Duration: 0.4ms | Allocations: 281)
  Rendered layout layouts/application.html.erb (Duration: 179.0ms | Allocations: 92300)
Completed 200 OK in 183ms (Views: 180.4ms | ActiveRecord: 0.0ms | Allocations: 95322)


  [1m[35m (3.3ms)[0m  [1m[35mCREATE TABLE "schema_migrations" ("version" varchar NOT NULL PRIMARY KEY)[0m
  [1m[35m (0.8ms)[0m  [1m[35mCREATE TABLE "ar_internal_metadata" ("key" varchar NOT NULL PRIMARY KEY, "value" varchar, "created_at" datetime(6) NOT NULL, "updated_at" datetime(6) NOT NULL)[0m
  [1m[36mActiveRecord::SchemaMigration Pluck (0.1ms)[0m  [1m[34mSELECT "schema_migrations"."version" FROM "schema_migrations" ORDER BY "schema_migrations"."version" ASC[0m
Migrating to DeviseCreateUsers (20221225103352)
  [1m[36mTRANSACTION (0.0ms)[0m  [1m[36mbegin transaction[0m
  [1m[35m (0.2ms)[0m  [1m[35mCREATE TABLE "users" ("id" integer PRIMARY KEY AUTOINCREMENT NOT NULL, "email" varchar DEFAULT '' NOT NULL, "encrypted_password" varchar DEFAULT '' NOT NULL, "reset_password_token" varchar, "reset_password_sent_at" datetime(6), "remember_created_at" datetime(6), "created_at" datetime(6) NOT NULL, "updated_at" datetime(6) NOT NULL)[0m
  [1m[35m (0.0ms)[0m  [1m[35mCREATE UNIQUE INDEX "index_users_on_email" ON "users" ("email")[0m
  [1m[35m (0.0ms)[0m  [1m[35mCREATE UNIQUE INDEX "index_users_on_reset_password_token" ON "users" ("reset_password_token")[0m
  [1m[36mActiveRecord::SchemaMigration Create (0.1ms)[0m  [1m[32mINSERT INTO "schema_migrations" ("version") VALUES (?)[0m  [["version", "20221225103352"]]
  [1m[36mTRANSACTION (0.3ms)[0m  [1m[36mcommit transaction[0m
  [1m[36mActiveRecord::InternalMetadata Load (0.0ms)[0m  [1m[34mSELECT "ar_internal_metadata".* FROM "ar_internal_metadata" WHERE "ar_internal_metadata"."key" = ? LIMIT ?[0m  [["key", "environment"], ["LIMIT", 1]]
  [1m[36mTRANSACTION (0.0ms)[0m  [1m[36mbegin transaction[0m
  [1m[36mActiveRecord::InternalMetadata Create (0.1ms)[0m  [1m[32mINSERT INTO "ar_internal_metadata" ("key", "value", "created_at", "updated_at") VALUES (?, ?, ?, ?)[0m  [["key", "environment"], ["value", "development"], ["created_at", "2022-12-25 10:34:03.637760"], ["updated_at", "2022-12-25 10:34:03.637760"]]
  [1m[36mTRANSACTION (0.2ms)[0m  [1m[36mcommit transaction[0m
  [1m[36mActiveRecord::SchemaMigration Pluck (0.0ms)[0m  [1m[34mSELECT "schema_migrations"."version" FROM "schema_migrations" ORDER BY "schema_migrations"."version" ASC[0m
Started GET "/" for ::1 at 2022-12-25 15:35:21 +0500
  [1m[36mActiveRecord::SchemaMigration Pluck (0.0ms)[0m  [1m[34mSELECT "schema_migrations"."version" FROM "schema_migrations" ORDER BY "schema_migrations"."version" ASC[0m
Processing by WelcomeController#root as HTML
  Rendering layout layouts/application.html.erb
  Rendering welcome/root.html.erb within layouts/application
  Rendered welcome/root.html.erb within layouts/application (Duration: 0.2ms | Allocations: 262)
  Rendered layout layouts/application.html.erb (Duration: 6.9ms | Allocations: 14554)
Completed 200 OK in 8ms (Views: 7.6ms | ActiveRecord: 0.0ms | Allocations: 15536)


Started GET "/users/sign_in" for ::1 at 2022-12-25 15:35:22 +0500
Processing by Devise::SessionsController#new as HTML
  Rendering layout layouts/application.html.erb
  Rendering devise/sessions/new.html.erb within layouts/application
  Rendered devise/sessions/new.html.erb within layouts/application (Duration: 28.7ms | Allocations: 5687)
  Rendered layout layouts/application.html.erb (Duration: 29.0ms | Allocations: 5785)
Completed 500 Internal Server Error in 44ms (ActiveRecord: 0.6ms | Allocations: 13379)


  
ActionView::Template::Error (undefined method `session_path' for #<ActionView::Base:0x0000000000f5a0>

'.freeze;@output_buffer.append=  form_for(resource, as: resource_name, url: session_path(resource_name)) do |f| @output_buffer.safe_append='
                                                                            ^^^^^^^^^^^^
Did you mean?  session):
    1: <h2>Log in</h2>
    2: 
    3: <%= form_for(resource, as: resource_name, url: session_path(resource_name)) do |f| %>
    4:   <div class="field">
    5:     <%= f.label :email %><br />
    6:     <%= f.email_field :email, autofocus: true, autocomplete: "email" %>
  
app/views/devise/sessions/new.html.erb:3
Started GET "/users/sign_in" for ::1 at 2022-12-25 15:36:43 +0500
  [1m[36mActiveRecord::SchemaMigration Pluck (0.1ms)[0m  [1m[34mSELECT "schema_migrations"."version" FROM "schema_migrations" ORDER BY "schema_migrations"."version" ASC[0m
Processing by Devise::SessionsController#new as HTML
  Rendering layout layouts/application.html.erb
  Rendering devise/sessions/new.html.erb within layouts/application
  Rendered devise/shared/_links.html.erb (Duration: 6.6ms | Allocations: 679)
  Rendered devise/sessions/new.html.erb within layouts/application (Duration: 44.6ms | Allocations: 7861)
  Rendered layout layouts/application.html.erb (Duration: 73.6ms | Allocations: 43006)
Completed 200 OK in 84ms (Views: 77.2ms | ActiveRecord: 0.3ms | Allocations: 52708)


Started GET "/" for ::1 at 2022-12-25 15:36:45 +0500
Processing by WelcomeController#root as HTML
  Rendering layout layouts/application.html.erb
  Rendering welcome/root.html.erb within layouts/application
  Rendered welcome/root.html.erb within layouts/application (Duration: 0.8ms | Allocations: 223)
  Rendered layout layouts/application.html.erb (Duration: 5.0ms | Allocations: 2932)
Completed 200 OK in 8ms (Views: 6.6ms | ActiveRecord: 0.0ms | Allocations: 3757)


Started GET "/users/sign_in" for ::1 at 2022-12-25 15:36:46 +0500
Processing by Devise::SessionsController#new as HTML
  Rendering layout layouts/application.html.erb
  Rendering devise/sessions/new.html.erb within layouts/application
  Rendered devise/shared/_links.html.erb (Duration: 0.2ms | Allocations: 131)
  Rendered devise/sessions/new.html.erb within layouts/application (Duration: 2.1ms | Allocations: 1303)
  Rendered layout layouts/application.html.erb (Duration: 5.9ms | Allocations: 3504)
Completed 200 OK in 8ms (Views: 6.6ms | ActiveRecord: 0.0ms | Allocations: 4220)


Started GET "/" for ::1 at 2022-12-25 15:38:08 +0500
Processing by WelcomeController#root as HTML
  Rendering layout layouts/application.html.erb
  Rendering welcome/root.html.erb within layouts/application
  Rendered welcome/root.html.erb within layouts/application (Duration: 0.8ms | Allocations: 252)
  Rendered layout layouts/application.html.erb (Duration: 9.2ms | Allocations: 3145)
Completed 200 OK in 13ms (Views: 11.4ms | ActiveRecord: 0.0ms | Allocations: 3974)


Started GET "/users/sign_up" for ::1 at 2022-12-25 15:38:09 +0500
Processing by Devise::RegistrationsController#new as HTML
  Rendering layout layouts/application.html.erb
  Rendering devise/registrations/new.html.erb within layouts/application
  Rendered devise/shared/_error_messages.html.erb (Duration: 0.8ms | Allocations: 203)
  Rendered devise/shared/_links.html.erb (Duration: 1.0ms | Allocations: 518)
  Rendered devise/registrations/new.html.erb within layouts/application (Duration: 5.3ms | Allocations: 2581)
  Rendered layout layouts/application.html.erb (Duration: 7.9ms | Allocations: 4993)
Completed 200 OK in 11ms (Views: 10.0ms | ActiveRecord: 0.0ms | Allocations: 6349)


Started GET "/users/sign_in" for ::1 at 2022-12-25 15:38:12 +0500
Processing by Devise::SessionsController#new as HTML
  Rendering layout layouts/application.html.erb
  Rendering devise/sessions/new.html.erb within layouts/application
  Rendered devise/shared/_links.html.erb (Duration: 0.2ms | Allocations: 143)
  Rendered devise/sessions/new.html.erb within layouts/application (Duration: 3.2ms | Allocations: 1746)
  Rendered layout layouts/application.html.erb (Duration: 7.9ms | Allocations: 4144)
Completed 200 OK in 12ms (Views: 10.1ms | ActiveRecord: 0.0ms | Allocations: 5268)


Started GET "/users/sign_in" for ::1 at 2022-12-25 15:38:14 +0500
Processing by Devise::SessionsController#new as HTML
  Rendering layout layouts/application.html.erb
  Rendering devise/sessions/new.html.erb within layouts/application
  Rendered devise/shared/_links.html.erb (Duration: 0.3ms | Allocations: 131)
  Rendered devise/sessions/new.html.erb within layouts/application (Duration: 3.0ms | Allocations: 1223)
  Rendered layout layouts/application.html.erb (Duration: 6.9ms | Allocations: 3424)
Completed 200 OK in 10ms (Views: 8.0ms | ActiveRecord: 0.0ms | Allocations: 4175)


Started GET "/users/sign_in" for ::1 at 2022-12-25 15:40:38 +0500
Processing by Devise::SessionsController#new as HTML
  Rendering layout layouts/application.html.erb
  Rendering devise/sessions/new.html.erb within layouts/application
  Rendered devise/shared/_links.html.erb (Duration: 0.6ms | Allocations: 544)
  Rendered devise/sessions/new.html.erb within layouts/application (Duration: 2.2ms | Allocations: 2245)
  Rendered layout layouts/application.html.erb (Duration: 10.2ms | Allocations: 16201)
Completed 200 OK in 14ms (Views: 11.3ms | ActiveRecord: 0.3ms | Allocations: 20402)


Started GET "/" for ::1 at 2022-12-25 15:40:40 +0500
Processing by WelcomeController#root as HTML
  Rendering layout layouts/application.html.erb
  Rendering welcome/root.html.erb within layouts/application
  Rendered welcome/root.html.erb within layouts/application (Duration: 0.8ms | Allocations: 257)
  Rendered layout layouts/application.html.erb (Duration: 4.9ms | Allocations: 2950)
Completed 200 OK in 9ms (Views: 7.5ms | ActiveRecord: 0.0ms | Allocations: 3708)


Started GET "/users/sign_up" for ::1 at 2022-12-25 15:40:42 +0500
Processing by Devise::RegistrationsController#new as HTML
  Rendering layout layouts/application.html.erb
  Rendering devise/registrations/new.html.erb within layouts/application
  Rendered devise/shared/_error_messages.html.erb (Duration: 0.8ms | Allocations: 194)
  Rendered devise/shared/_links.html.erb (Duration: 0.2ms | Allocations: 102)
  Rendered devise/registrations/new.html.erb within layouts/application (Duration: 4.6ms | Allocations: 2027)
  Rendered layout layouts/application.html.erb (Duration: 9.1ms | Allocations: 4439)
Completed 200 OK in 13ms (Views: 10.9ms | ActiveRecord: 0.0ms | Allocations: 5715)


Started POST "/users" for ::1 at 2022-12-25 15:40:53 +0500
Processing by Devise::RegistrationsController#create as TURBO_STREAM
  Parameters: {"authenticity_token"=>"[FILTERED]", "user"=>{"email"=>"haris@example.com", "password"=>"[FILTERED]", "password_confirmation"=>"[FILTERED]"}, "commit"=>"Sign up"}
  [1m[36mTRANSACTION (0.1ms)[0m  [1m[36mbegin transaction[0m
  [1m[36mUser Exists? (0.1ms)[0m  [1m[34mSELECT 1 AS one FROM "users" WHERE "users"."email" = ? LIMIT ?[0m  [["email", "haris@example.com"], ["LIMIT", 1]]
  [1m[36mUser Create (0.5ms)[0m  [1m[32mINSERT INTO "users" ("email", "encrypted_password", "reset_password_token", "reset_password_sent_at", "remember_created_at", "created_at", "updated_at") VALUES (?, ?, ?, ?, ?, ?, ?)[0m  [["email", "haris@example.com"], ["encrypted_password", "[FILTERED]"], ["reset_password_token", "[FILTERED]"], ["reset_password_sent_at", "[FILTERED]"], ["remember_created_at", nil], ["created_at", "2022-12-25 10:40:54.673830"], ["updated_at", "2022-12-25 10:40:54.673830"]]
  [1m[36mTRANSACTION (0.3ms)[0m  [1m[36mcommit transaction[0m
Redirected to 
Completed 500 Internal Server Error in 1424ms (ActiveRecord: 1.0ms | Allocations: 15860)


  
NoMethodError (undefined method `user_url' for #<Devise::RegistrationsController:0x00000000010fb8>

              recipient.public_send(method, *args)
                       ^^^^^^^^^^^^):
  
actionpack (7.0.4) lib/action_dispatch/routing/polymorphic_routes.rb:231:in `public_send'
actionpack (7.0.4) lib/action_dispatch/routing/polymorphic_routes.rb:231:in `polymorphic_method'
actionpack (7.0.4) lib/action_dispatch/routing/polymorphic_routes.rb:116:in `polymorphic_url'
actionpack (7.0.4) lib/action_dispatch/routing/url_for.rb:187:in `full_url_for'
actionpack (7.0.4) lib/action_dispatch/routing/url_for.rb:170:in `url_for'
actionpack (7.0.4) lib/action_controller/metal/redirecting.rb:144:in `_compute_redirect_to_location'
actionpack (7.0.4) lib/action_controller/metal/redirecting.rb:89:in `redirect_to'
actionpack (7.0.4) lib/action_controller/metal/flash.rb:62:in `redirect_to'
actionpack (7.0.4) lib/action_controller/metal/instrumentation.rb:42:in `block in redirect_to'
activesupport (7.0.4) lib/active_support/notifications.rb:206:in `block in instrument'
activesupport (7.0.4) lib/active_support/notifications/instrumenter.rb:24:in `instrument'
activesupport (7.0.4) lib/active_support/notifications.rb:206:in `instrument'
actionpack (7.0.4) lib/action_controller/metal/instrumentation.rb:41:in `redirect_to'
responders (3.0.1) lib/action_controller/responder.rb:147:in `redirect_to'
responders (3.0.1) lib/action_controller/responder.rb:207:in `navigation_behavior'
responders (3.0.1) lib/action_controller/responder.rb:174:in `rescue in to_html'
responders (3.0.1) lib/action_controller/responder.rb:171:in `to_html'
responders (3.0.1) lib/action_controller/responder.rb:165:in `respond'
responders (3.0.1) lib/action_controller/responder.rb:158:in `call'
responders (3.0.1) lib/action_controller/respond_with.rb:213:in `respond_with'
devise (4.8.1) app/controllers/devise/registrations_controller.rb:25:in `create'
actionpack (7.0.4) lib/action_controller/metal/basic_implicit_render.rb:6:in `send_action'
actionpack (7.0.4) lib/abstract_controller/base.rb:215:in `process_action'
actionpack (7.0.4) lib/action_controller/metal/rendering.rb:53:in `process_action'
actionpack (7.0.4) lib/abstract_controller/callbacks.rb:234:in `block in process_action'
activesupport (7.0.4) lib/active_support/callbacks.rb:118:in `block in run_callbacks'
actiontext (7.0.4) lib/action_text/rendering.rb:20:in `with_renderer'
actiontext (7.0.4) lib/action_text/engine.rb:69:in `block (4 levels) in <class:Engine>'
activesupport (7.0.4) lib/active_support/callbacks.rb:127:in `instance_exec'
activesupport (7.0.4) lib/active_support/callbacks.rb:127:in `block in run_callbacks'
activesupport (7.0.4) lib/active_support/callbacks.rb:138:in `run_callbacks'
actionpack (7.0.4) lib/abstract_controller/callbacks.rb:233:in `process_action'
actionpack (7.0.4) lib/action_controller/metal/rescue.rb:22:in `process_action'
actionpack (7.0.4) lib/action_controller/metal/instrumentation.rb:67:in `block in process_action'
activesupport (7.0.4) lib/active_support/notifications.rb:206:in `block in instrument'
activesupport (7.0.4) lib/active_support/notifications/instrumenter.rb:24:in `instrument'
activesupport (7.0.4) lib/active_support/notifications.rb:206:in `instrument'
actionpack (7.0.4) lib/action_controller/metal/instrumentation.rb:66:in `process_action'
actionpack (7.0.4) lib/action_controller/metal/params_wrapper.rb:259:in `process_action'
activerecord (7.0.4) lib/active_record/railties/controller_runtime.rb:27:in `process_action'
actionpack (7.0.4) lib/abstract_controller/base.rb:151:in `process'
actionview (7.0.4) lib/action_view/rendering.rb:39:in `process'
actionpack (7.0.4) lib/action_controller/metal.rb:188:in `dispatch'
actionpack (7.0.4) lib/action_controller/metal.rb:251:in `dispatch'
actionpack (7.0.4) lib/action_dispatch/routing/route_set.rb:49:in `dispatch'
actionpack (7.0.4) lib/action_dispatch/routing/route_set.rb:32:in `serve'
actionpack (7.0.4) lib/action_dispatch/routing/mapper.rb:18:in `block in <class:Constraints>'
actionpack (7.0.4) lib/action_dispatch/routing/mapper.rb:48:in `serve'
actionpack (7.0.4) lib/action_dispatch/journey/router.rb:50:in `block in serve'
actionpack (7.0.4) lib/action_dispatch/journey/router.rb:32:in `each'
actionpack (7.0.4) lib/action_dispatch/journey/router.rb:32:in `serve'
actionpack (7.0.4) lib/action_dispatch/routing/route_set.rb:852:in `call'
warden (1.2.9) lib/warden/manager.rb:36:in `block in call'
warden (1.2.9) lib/warden/manager.rb:34:in `catch'
warden (1.2.9) lib/warden/manager.rb:34:in `call'
rack (2.2.4) lib/rack/tempfile_reaper.rb:15:in `call'
rack (2.2.4) lib/rack/etag.rb:27:in `call'
rack (2.2.4) lib/rack/conditional_get.rb:40:in `call'
rack (2.2.4) lib/rack/head.rb:12:in `call'
actionpack (7.0.4) lib/action_dispatch/http/permissions_policy.rb:38:in `call'
actionpack (7.0.4) lib/action_dispatch/http/content_security_policy.rb:36:in `call'
rack (2.2.4) lib/rack/session/abstract/id.rb:266:in `context'
rack (2.2.4) lib/rack/session/abstract/id.rb:260:in `call'
actionpack (7.0.4) lib/action_dispatch/middleware/cookies.rb:696:in `call'
activerecord (7.0.4) lib/active_record/migration.rb:603:in `call'
actionpack (7.0.4) lib/action_dispatch/middleware/callbacks.rb:27:in `block in call'
activesupport (7.0.4) lib/active_support/callbacks.rb:99:in `run_callbacks'
actionpack (7.0.4) lib/action_dispatch/middleware/callbacks.rb:26:in `call'
actionpack (7.0.4) lib/action_dispatch/middleware/executor.rb:14:in `call'
actionpack (7.0.4) lib/action_dispatch/middleware/actionable_exceptions.rb:17:in `call'
actionpack (7.0.4) lib/action_dispatch/middleware/debug_exceptions.rb:28:in `call'
web-console (4.2.0) lib/web_console/middleware.rb:132:in `call_app'
web-console (4.2.0) lib/web_console/middleware.rb:28:in `block in call'
web-console (4.2.0) lib/web_console/middleware.rb:17:in `catch'
web-console (4.2.0) lib/web_console/middleware.rb:17:in `call'
actionpack (7.0.4) lib/action_dispatch/middleware/show_exceptions.rb:26:in `call'
railties (7.0.4) lib/rails/rack/logger.rb:40:in `call_app'
railties (7.0.4) lib/rails/rack/logger.rb:25:in `block in call'
activesupport (7.0.4) lib/active_support/tagged_logging.rb:99:in `block in tagged'
activesupport (7.0.4) lib/active_support/tagged_logging.rb:37:in `tagged'
activesupport (7.0.4) lib/active_support/tagged_logging.rb:99:in `tagged'
railties (7.0.4) lib/rails/rack/logger.rb:25:in `call'
sprockets-rails (3.4.2) lib/sprockets/rails/quiet_assets.rb:13:in `call'
actionpack (7.0.4) lib/action_dispatch/middleware/remote_ip.rb:93:in `call'
actionpack (7.0.4) lib/action_dispatch/middleware/request_id.rb:26:in `call'
rack (2.2.4) lib/rack/method_override.rb:24:in `call'
rack (2.2.4) lib/rack/runtime.rb:22:in `call'
activesupport (7.0.4) lib/active_support/cache/strategy/local_cache_middleware.rb:29:in `call'
actionpack (7.0.4) lib/action_dispatch/middleware/server_timing.rb:61:in `block in call'
actionpack (7.0.4) lib/action_dispatch/middleware/server_timing.rb:26:in `collect_events'
actionpack (7.0.4) lib/action_dispatch/middleware/server_timing.rb:60:in `call'
actionpack (7.0.4) lib/action_dispatch/middleware/executor.rb:14:in `call'
actionpack (7.0.4) lib/action_dispatch/middleware/static.rb:23:in `call'
rack (2.2.4) lib/rack/sendfile.rb:110:in `call'
actionpack (7.0.4) lib/action_dispatch/middleware/host_authorization.rb:137:in `call'
railties (7.0.4) lib/rails/engine.rb:530:in `call'
puma (5.6.5) lib/puma/configuration.rb:252:in `call'
puma (5.6.5) lib/puma/request.rb:77:in `block in handle_request'
puma (5.6.5) lib/puma/thread_pool.rb:340:in `with_force_shutdown'
puma (5.6.5) lib/puma/request.rb:76:in `handle_request'
puma (5.6.5) lib/puma/server.rb:443:in `process_client'
puma (5.6.5) lib/puma/thread_pool.rb:147:in `block in spawn_thread'
Started GET "/users/sign_up" for ::1 at 2022-12-25 15:42:06 +0500
Processing by Devise::RegistrationsController#new as HTML
  Rendering layout layouts/application.html.erb
  Rendering devise/registrations/new.html.erb within layouts/application
  Rendered devise/shared/_error_messages.html.erb (Duration: 0.7ms | Allocations: 194)
  Rendered devise/shared/_links.html.erb (Duration: 0.8ms | Allocations: 471)
  Rendered devise/registrations/new.html.erb within layouts/application (Duration: 5.3ms | Allocations: 2471)
  Rendered layout layouts/application.html.erb (Duration: 11.7ms | Allocations: 5092)
Completed 200 OK in 16ms (Views: 14.5ms | ActiveRecord: 0.0ms | Allocations: 6417)


Started POST "/users" for ::1 at 2022-12-25 15:42:16 +0500
Processing by Devise::RegistrationsController#create as HTML
  Parameters: {"authenticity_token"=>"[FILTERED]", "user"=>{"email"=>"haris@example.com", "password"=>"[FILTERED]", "password_confirmation"=>"[FILTERED]"}, "commit"=>"Sign up"}
  [1m[36mTRANSACTION (0.0ms)[0m  [1m[36mbegin transaction[0m
  [1m[36mUser Exists? (0.1ms)[0m  [1m[34mSELECT 1 AS one FROM "users" WHERE "users"."email" = ? LIMIT ?[0m  [["email", "haris@example.com"], ["LIMIT", 1]]
  [1m[36mTRANSACTION (0.0ms)[0m  [1m[31mrollback transaction[0m
  Rendering layout layouts/application.html.erb
  Rendering devise/registrations/new.html.erb within layouts/application
  Rendered devise/shared/_error_messages.html.erb (Duration: 0.5ms | Allocations: 568)
  Rendered devise/shared/_links.html.erb (Duration: 0.2ms | Allocations: 78)
  Rendered devise/registrations/new.html.erb within layouts/application (Duration: 1.5ms | Allocations: 2354)
  Rendered layout layouts/application.html.erb (Duration: 2.6ms | Allocations: 4554)
Completed 200 OK in 283ms (Views: 2.8ms | ActiveRecord: 0.2ms | Allocations: 9917)


Started POST "/users" for ::1 at 2022-12-25 15:42:26 +0500
Processing by Devise::RegistrationsController#create as HTML
  Parameters: {"authenticity_token"=>"[FILTERED]", "user"=>{"email"=>"haris1@example.com", "password"=>"[FILTERED]", "password_confirmation"=>"[FILTERED]"}, "commit"=>"Sign up"}
  [1m[36mTRANSACTION (0.0ms)[0m  [1m[36mbegin transaction[0m
  [1m[36mUser Exists? (0.1ms)[0m  [1m[34mSELECT 1 AS one FROM "users" WHERE "users"."email" = ? LIMIT ?[0m  [["email", "haris1@example.com"], ["LIMIT", 1]]
  [1m[36mUser Create (0.2ms)[0m  [1m[32mINSERT INTO "users" ("email", "encrypted_password", "reset_password_token", "reset_password_sent_at", "remember_created_at", "created_at", "updated_at") VALUES (?, ?, ?, ?, ?, ?, ?)[0m  [["email", "haris1@example.com"], ["encrypted_password", "[FILTERED]"], ["reset_password_token", "[FILTERED]"], ["reset_password_sent_at", "[FILTERED]"], ["remember_created_at", nil], ["created_at", "2022-12-25 10:42:26.999057"], ["updated_at", "2022-12-25 10:42:26.999057"]]
  [1m[36mTRANSACTION (0.5ms)[0m  [1m[36mcommit transaction[0m
Redirected to http://localhost:3000/chatroom.2
Completed 302 Found in 281ms (ActiveRecord: 0.8ms | Allocations: 5670)


Started GET "/chatroom.2" for ::1 at 2022-12-25 15:42:27 +0500
Processing by ChatroomController#index as */*
  Rendering layout layouts/application.html.erb
  Rendering chatroom/index.html.erb within layouts/application
  Rendered chatroom/index.html.erb within layouts/application (Duration: 0.5ms | Allocations: 108)
  Rendered layout layouts/application.html.erb (Duration: 2.2ms | Allocations: 2895)
Completed 200 OK in 4ms (Views: 3.1ms | ActiveRecord: 0.0ms | Allocations: 3734)


Started GET "/chatroom.2" for ::1 at 2022-12-25 15:43:13 +0500
Processing by ChatroomController#index as */*
  Rendering layout layouts/application.html.erb
  Rendering chatroom/index.html.erb within layouts/application
  Rendered chatroom/index.html.erb within layouts/application (Duration: 0.0ms | Allocations: 7)
  Rendered layout layouts/application.html.erb (Duration: 5.2ms | Allocations: 2451)
Completed 200 OK in 8ms (Views: 6.0ms | ActiveRecord: 0.0ms | Allocations: 2730)


